2017-01-18 14:13:45,234 INFO [com.lanxi.WechatIntegralService.servlet.Log4jInitServlet] - <log4j init finished !>
2017-01-18 14:13:45,234 INFO [com.lanxi.WechatIntegralService.servlet.Log4jInitServlet] - <加载初始化任务!>
2017-01-18 14:13:46,514 INFO [com.lanxi.WechatIntegralService.servlet.Log4jInitServlet] - <初始化任务完成!>
2017-01-18 14:13:46,514 INFO [com.lanxi.WechatIntegralService.servlet.Log4jInitServlet] - <加载初始化任务!>
2017-01-18 14:13:46,514 INFO [com.lanxi.WechatIntegralService.servlet.Log4jInitServlet] - <初始化任务完成!>
2017-01-18 14:13:46,905 INFO [org.springframework.web.servlet.DispatcherServlet] - <FrameworkServlet 'dispatcher': initialization started>
2017-01-18 14:13:46,950 INFO [org.springframework.web.context.support.XmlWebApplicationContext] - <Refreshing WebApplicationContext for namespace 'dispatcher-servlet': startup date [Wed Jan 18 14:13:46 CST 2017]; root of context hierarchy>
2017-01-18 14:13:47,024 INFO [org.springframework.beans.factory.xml.XmlBeanDefinitionReader] - <Loading XML bean definitions from class path resource [xml/spring-mvc.xml]>
2017-01-18 14:13:47,823 INFO [org.springframework.beans.factory.support.DefaultListableBeanFactory] - <Pre-instantiating singletons in org.springframework.beans.factory.support.DefaultListableBeanFactory@1403477: defining beans [mvcContentNegotiationManager,org.springframework.web.servlet.mvc.method.annotation.RequestMappingHandlerMapping#0,org.springframework.format.support.FormattingConversionServiceFactoryBean#0,org.springframework.web.servlet.mvc.method.annotation.RequestMappingHandlerAdapter#0,org.springframework.web.servlet.handler.MappedInterceptor#0,org.springframework.web.servlet.mvc.method.annotation.ExceptionHandlerExceptionResolver#0,org.springframework.web.servlet.mvc.annotation.ResponseStatusExceptionResolver#0,org.springframework.web.servlet.mvc.support.DefaultHandlerExceptionResolver#0,org.springframework.web.servlet.handler.BeanNameUrlHandlerMapping,org.springframework.web.servlet.mvc.HttpRequestHandlerAdapter,org.springframework.web.servlet.mvc.SimpleControllerHandlerAdapter,validServerService,electronicCouponController,gameController,integralController,redPacketController,testController,bindingService,daoService,electronicCouponService,integralGameService,integralManagerService,integralRedPacketService,quartzService,org.springframework.context.annotation.internalConfigurationAnnotationProcessor,org.springframework.context.annotation.internalAutowiredAnnotationProcessor,org.springframework.context.annotation.internalRequiredAnnotationProcessor,org.springframework.context.annotation.internalCommonAnnotationProcessor,dbconfig,ds,ssfb,mappers,tasks,redPacketOverTime,redPacketOverTimeJob,couponOverTime,couponOverTimeJob,updateExpiredTaskTrigger,updateExpiredJob,deleteExpiredTaskTrigger,deleteExpiredJob,org.springframework.context.annotation.ConfigurationClassPostProcessor.importAwareProcessor,accountBindingDao,electronicCouponDao,gameDao,giftDao,giftOrderDao,integralGameDao,integralRedPacketDao,integralTransferDao,redPacketReceiveDao,validCodeDao]; root of factory hierarchy>
2017-01-18 14:13:48,244 INFO [org.springframework.beans.factory.config.PropertiesFactoryBean] - <Loading properties file from class path resource [properties/jdbc.properties]>
2017-01-18 14:13:48,451 INFO [org.springframework.web.servlet.mvc.method.annotation.RequestMappingHandlerMapping] - <Mapped "{[/couponInfo.do],methods=[],params=[],headers=[],consumes=[],produces=[application/json;charset=UTF-8],custom=[]}" onto public java.lang.String com.lanxi.WechatIntegralService.controller.ElectronicCouponController.getElectronicCouponInfo(javax.servlet.http.HttpServletResponse,javax.servlet.http.HttpServletRequest)>
2017-01-18 14:13:48,451 INFO [org.springframework.web.servlet.mvc.method.annotation.RequestMappingHandlerMapping] - <Mapped "{[/deleteCoupon.do],methods=[],params=[],headers=[],consumes=[],produces=[application/json;charset=UTF-8],custom=[]}" onto public java.lang.String com.lanxi.WechatIntegralService.controller.ElectronicCouponController.deleteElectronicCoupon(javax.servlet.http.HttpServletResponse,javax.servlet.http.HttpServletRequest)>
2017-01-18 14:13:48,452 INFO [org.springframework.web.servlet.mvc.method.annotation.RequestMappingHandlerMapping] - <Mapped "{[/coupons.do],methods=[],params=[],headers=[],consumes=[],produces=[application/json;charset=UTF-8],custom=[]}" onto public java.lang.String com.lanxi.WechatIntegralService.controller.ElectronicCouponController.getElectronicCoupons(javax.servlet.http.HttpServletResponse,javax.servlet.http.HttpServletRequest)>
2017-01-18 14:13:48,454 INFO [org.springframework.web.servlet.mvc.method.annotation.RequestMappingHandlerMapping] - <Mapped "{[/game.do],methods=[],params=[],headers=[],consumes=[],produces=[application/json;charset=UTF-8],custom=[]}" onto public java.lang.String com.lanxi.WechatIntegralService.controller.GameController.game(javax.servlet.http.HttpServletRequest)>
2017-01-18 14:13:48,454 INFO [org.springframework.web.servlet.mvc.method.annotation.RequestMappingHandlerMapping] - <Mapped "{[/getGifts.do],methods=[],params=[],headers=[],consumes=[],produces=[application/json;charset=UTF-8],custom=[]}" onto public java.lang.String com.lanxi.WechatIntegralService.controller.GameController.getGifts(javax.servlet.http.HttpServletRequest)>
2017-01-18 14:13:48,454 INFO [org.springframework.web.servlet.mvc.method.annotation.RequestMappingHandlerMapping] - <Mapped "{[/giftInfo.do],methods=[],params=[],headers=[],consumes=[],produces=[application/json;charset=UTF-8],custom=[]}" onto public java.lang.String com.lanxi.WechatIntegralService.controller.GameController.getGiftInfo(javax.servlet.http.HttpServletRequest)>
2017-01-18 14:13:48,460 INFO [org.springframework.web.servlet.mvc.method.annotation.RequestMappingHandlerMapping] - <Mapped "{[/phone.do],methods=[],params=[],headers=[],consumes=[],produces=[application/json;charset=UTF-8],custom=[]}" onto public java.lang.String com.lanxi.WechatIntegralService.controller.IntegralController.phone(javax.servlet.http.HttpServletResponse,javax.servlet.http.HttpServletRequest)>
2017-01-18 14:13:48,460 INFO [org.springframework.web.servlet.mvc.method.annotation.RequestMappingHandlerMapping] - <Mapped "{[/intoJf.do],methods=[],params=[],headers=[],consumes=[],produces=[],custom=[]}" onto public void com.lanxi.WechatIntegralService.controller.IntegralController.intoJf(javax.servlet.http.HttpServletRequest,javax.servlet.http.HttpServletResponse)>
2017-01-18 14:13:48,460 INFO [org.springframework.web.servlet.mvc.method.annotation.RequestMappingHandlerMapping] - <Mapped "{[/cancelBinding.do],methods=[],params=[],headers=[],consumes=[],produces=[application/json;charset=UTF-8],custom=[]}" onto public java.lang.String com.lanxi.WechatIntegralService.controller.IntegralController.cancelBinding(javax.servlet.http.HttpServletRequest)>
2017-01-18 14:13:48,460 INFO [org.springframework.web.servlet.mvc.method.annotation.RequestMappingHandlerMapping] - <Mapped "{[/updatePhone.do],methods=[],params=[],headers=[],consumes=[],produces=[application/json;charset=UTF-8],custom=[]}" onto public java.lang.String com.lanxi.WechatIntegralService.controller.IntegralController.updatephone(javax.servlet.http.HttpServletResponse,javax.servlet.http.HttpServletRequest)>
2017-01-18 14:13:48,461 INFO [org.springframework.web.servlet.mvc.method.annotation.RequestMappingHandlerMapping] - <Mapped "{[/bindingsJf.do],methods=[],params=[],headers=[],consumes=[],produces=[application/json;charset=UTF-8],custom=[]}" onto public java.lang.String com.lanxi.WechatIntegralService.controller.IntegralController.bindingsJf(javax.servlet.http.HttpServletRequest,javax.servlet.http.HttpServletResponse)>
2017-01-18 14:13:48,461 INFO [org.springframework.web.servlet.mvc.method.annotation.RequestMappingHandlerMapping] - <Mapped "{[/integralQuery.do],methods=[],params=[],headers=[],consumes=[],produces=[application/json;charset=UTF-8],custom=[]}" onto public java.lang.String com.lanxi.WechatIntegralService.controller.IntegralController.integralQuery(javax.servlet.http.HttpServletResponse,javax.servlet.http.HttpServletRequest)>
2017-01-18 14:13:48,461 INFO [org.springframework.web.servlet.mvc.method.annotation.RequestMappingHandlerMapping] - <Mapped "{[/getInfoByToken.do],methods=[],params=[],headers=[],consumes=[],produces=[application/json;charset=UTF-8],custom=[]}" onto public java.lang.String com.lanxi.WechatIntegralService.controller.IntegralController.getInfoByToken(javax.servlet.http.HttpServletRequest)>
2017-01-18 14:13:48,461 INFO [org.springframework.web.servlet.mvc.method.annotation.RequestMappingHandlerMapping] - <Mapped "{[/updatePhoneOper.do],methods=[],params=[],headers=[],consumes=[],produces=[application/json;charset=UTF-8],custom=[]}" onto public java.lang.String com.lanxi.WechatIntegralService.controller.IntegralController.updatePhoneOper(javax.servlet.http.HttpServletResponse,javax.servlet.http.HttpServletRequest)>
2017-01-18 14:13:48,461 INFO [org.springframework.web.servlet.mvc.method.annotation.RequestMappingHandlerMapping] - <Mapped "{[/bindingsJfOper.do],methods=[],params=[],headers=[],consumes=[],produces=[application/json;charset=UTF-8],custom=[]}" onto public java.lang.String com.lanxi.WechatIntegralService.controller.IntegralController.bindingsJfOper(javax.servlet.http.HttpServletRequest,javax.servlet.http.HttpServletResponse)>
2017-01-18 14:13:48,462 INFO [org.springframework.web.servlet.mvc.method.annotation.RequestMappingHandlerMapping] - <Mapped "{[/deliveryIntegral.do],methods=[],params=[],headers=[],consumes=[],produces=[application/json;charset=UTF-8],custom=[]}" onto public java.lang.String com.lanxi.WechatIntegralService.controller.IntegralController.deliveryIntegral(javax.servlet.http.HttpServletResponse,javax.servlet.http.HttpServletRequest)>
2017-01-18 14:13:48,466 INFO [org.springframework.web.servlet.mvc.method.annotation.RequestMappingHandlerMapping] - <Mapped "{[/deliveryIntegralOper.do],methods=[],params=[],headers=[],consumes=[],produces=[application/json;charset=UTF-8],custom=[]}" onto public java.lang.String com.lanxi.WechatIntegralService.controller.IntegralController.deliveryIntegralOper(javax.servlet.http.HttpServletResponse,javax.servlet.http.HttpServletRequest)>
2017-01-18 14:13:48,466 INFO [org.springframework.web.servlet.mvc.method.annotation.RequestMappingHandlerMapping] - <Mapped "{[/userInfo.do],methods=[],params=[],headers=[],consumes=[],produces=[application/json;charset=UTF-8],custom=[]}" onto public java.lang.String com.lanxi.WechatIntegralService.controller.IntegralController.getUserInfo(javax.servlet.http.HttpServletResponse,javax.servlet.http.HttpServletRequest)>
2017-01-18 14:13:48,466 INFO [org.springframework.web.servlet.mvc.method.annotation.RequestMappingHandlerMapping] - <Mapped "{[/sendMessage.do],methods=[],params=[],headers=[],consumes=[],produces=[application/json;charset=UTF-8],custom=[]}" onto public java.lang.String com.lanxi.WechatIntegralService.controller.IntegralController.sendMessage(javax.servlet.http.HttpServletResponse,javax.servlet.http.HttpServletRequest)>
2017-01-18 14:13:48,468 INFO [org.springframework.web.servlet.mvc.method.annotation.RequestMappingHandlerMapping] - <Mapped "{[/redPacketInfo.do],methods=[],params=[],headers=[],consumes=[],produces=[application/json;charset=UTF-8],custom=[]}" onto public java.lang.String com.lanxi.WechatIntegralService.controller.RedPacketController.redPacketInfo(javax.servlet.http.HttpServletRequest,javax.servlet.http.HttpServletResponse)>
2017-01-18 14:13:48,468 INFO [org.springframework.web.servlet.mvc.method.annotation.RequestMappingHandlerMapping] - <Mapped "{[/grantRedPacket.do],methods=[],params=[],headers=[],consumes=[],produces=[application/json;charset=UTF-8],custom=[]}" onto public java.lang.String com.lanxi.WechatIntegralService.controller.RedPacketController.grantRedPacket(javax.servlet.http.HttpServletRequest,javax.servlet.http.HttpServletResponse)>
2017-01-18 14:13:48,469 INFO [org.springframework.web.servlet.mvc.method.annotation.RequestMappingHandlerMapping] - <Mapped "{[/unpackRedPacket.do],methods=[],params=[],headers=[],consumes=[],produces=[application/json;charset=UTF-8],custom=[]}" onto public java.lang.String com.lanxi.WechatIntegralService.controller.RedPacketController.unpackRedPacket(javax.servlet.http.HttpServletRequest,javax.servlet.http.HttpServletResponse)>
2017-01-18 14:13:48,469 INFO [org.springframework.web.servlet.mvc.method.annotation.RequestMappingHandlerMapping] - <Mapped "{[/redPacketDetail.do],methods=[],params=[],headers=[],consumes=[],produces=[application/json;charset=UTF-8],custom=[]}" onto public java.lang.String com.lanxi.WechatIntegralService.controller.RedPacketController.redPacketDetail(javax.servlet.http.HttpServletRequest,javax.servlet.http.HttpServletResponse)>
2017-01-18 14:13:48,470 INFO [org.springframework.web.servlet.mvc.method.annotation.RequestMappingHandlerMapping] - <Mapped "{[/validService.do],methods=[],params=[],headers=[],consumes=[],produces=[],custom=[]}" onto public java.lang.String com.lanxi.WechatIntegralService.controller.TestController.validService(javax.servlet.http.HttpServletRequest,javax.servlet.http.HttpServletResponse)>
2017-01-18 14:13:48,470 INFO [org.springframework.web.servlet.mvc.method.annotation.RequestMappingHandlerMapping] - <Mapped "{[/getJsSign.do],methods=[],params=[],headers=[],consumes=[],produces=[],custom=[]}" onto public java.lang.String com.lanxi.WechatIntegralService.controller.TestController.getJsSign(javax.servlet.http.HttpServletRequest,javax.servlet.http.HttpServletResponse) throws java.lang.Exception>
2017-01-18 14:13:48,471 INFO [org.springframework.web.servlet.mvc.method.annotation.RequestMappingHandlerMapping] - <Mapped "{[/receiveMessage.do],methods=[],params=[],headers=[],consumes=[],produces=[],custom=[]}" onto public java.lang.String com.lanxi.WechatIntegralService.controller.TestController.receiveMessage(javax.servlet.http.HttpServletRequest,javax.servlet.http.HttpServletResponse) throws javax.servlet.ServletException,java.io.IOException>
2017-01-18 14:13:48,471 INFO [org.springframework.web.servlet.mvc.method.annotation.RequestMappingHandlerMapping] - <Mapped "{[/codeIn.do],methods=[],params=[],headers=[],consumes=[],produces=[],custom=[]}" onto public void com.lanxi.WechatIntegralService.controller.TestController.getCode(javax.servlet.http.HttpServletRequest,javax.servlet.http.HttpServletResponse) throws java.io.IOException>
2017-01-18 14:13:49,170 INFO [org.springframework.context.support.DefaultLifecycleProcessor] - <Starting beans in phase 2147483647>
2017-01-18 14:13:49,170 INFO [org.springframework.scheduling.quartz.SchedulerFactoryBean] - <Starting Quartz Scheduler now>
2017-01-18 14:13:49,227 INFO [org.springframework.web.servlet.DispatcherServlet] - <FrameworkServlet 'dispatcher': initialization completed in 2322 ms>
2017-01-18 15:00:00,002 ERROR [com.lanxi.WechatIntegralService.util.AppException] - <异常信息:紅包過期異常！>
2017-01-18 15:00:00,003 ERROR [com.lanxi.WechatIntegralService.util.AppException] - <异常原因:org.apache.ibatis.binding.BindingException: Invalid bound statement (not found): com.lanxi.WechatIntegralService.dao.IntegralRedPacketDao.selectIntegralRedPacket
	at org.apache.ibatis.binding.MapperMethod$SqlCommand.<init>(MapperMethod.java:184)
	at org.apache.ibatis.binding.MapperMethod.<init>(MapperMethod.java:38)
	at org.apache.ibatis.binding.MapperProxy.cachedMapperMethod(MapperProxy.java:49)
	at org.apache.ibatis.binding.MapperProxy.invoke(MapperProxy.java:42)
	at com.sun.proxy.$Proxy17.selectIntegralRedPacket(Unknown Source)
	at com.lanxi.WechatIntegralService.service.DaoServiceImpl.getRedPacketsByStatus(DaoServiceImpl.java:272)
	at com.lanxi.WechatIntegralService.service.DaoServiceImpl.getNormlRedPacket(DaoServiceImpl.java:278)
	at com.lanxi.WechatIntegralService.service.QuartzServiceImpl.redPacketOverTime(QuartzServiceImpl.java:25)
	at sun.reflect.NativeMethodAccessorImpl.invoke0(Native Method)
	at sun.reflect.NativeMethodAccessorImpl.invoke(NativeMethodAccessorImpl.java:57)
	at sun.reflect.DelegatingMethodAccessorImpl.invoke(DelegatingMethodAccessorImpl.java:43)
	at java.lang.reflect.Method.invoke(Method.java:606)
	at org.springframework.util.MethodInvoker.invoke(MethodInvoker.java:269)
	at org.springframework.scheduling.quartz.MethodInvokingJobDetailFactoryBean$MethodInvokingJob.executeInternal(MethodInvokingJobDetailFactoryBean.java:311)
	at org.springframework.scheduling.quartz.QuartzJobBean.execute(QuartzJobBean.java:113)
	at org.quartz.core.JobRunShell.run(JobRunShell.java:216)
	at org.quartz.simpl.SimpleThreadPool$WorkerThread.run(SimpleThreadPool.java:549)
>
2017-01-18 16:00:00,000 ERROR [com.lanxi.WechatIntegralService.util.AppException] - <异常信息:紅包過期異常！>
2017-01-18 16:00:00,017 ERROR [com.lanxi.WechatIntegralService.util.AppException] - <异常原因:org.apache.ibatis.binding.BindingException: Invalid bound statement (not found): com.lanxi.WechatIntegralService.dao.IntegralRedPacketDao.selectIntegralRedPacket
	at org.apache.ibatis.binding.MapperMethod$SqlCommand.<init>(MapperMethod.java:184)
	at org.apache.ibatis.binding.MapperMethod.<init>(MapperMethod.java:38)
	at org.apache.ibatis.binding.MapperProxy.cachedMapperMethod(MapperProxy.java:49)
	at org.apache.ibatis.binding.MapperProxy.invoke(MapperProxy.java:42)
	at com.sun.proxy.$Proxy17.selectIntegralRedPacket(Unknown Source)
	at com.lanxi.WechatIntegralService.service.DaoServiceImpl.getRedPacketsByStatus(DaoServiceImpl.java:272)
	at com.lanxi.WechatIntegralService.service.DaoServiceImpl.getNormlRedPacket(DaoServiceImpl.java:278)
	at com.lanxi.WechatIntegralService.service.QuartzServiceImpl.redPacketOverTime(QuartzServiceImpl.java:25)
	at sun.reflect.NativeMethodAccessorImpl.invoke0(Native Method)
	at sun.reflect.NativeMethodAccessorImpl.invoke(NativeMethodAccessorImpl.java:57)
	at sun.reflect.DelegatingMethodAccessorImpl.invoke(DelegatingMethodAccessorImpl.java:43)
	at java.lang.reflect.Method.invoke(Method.java:606)
	at org.springframework.util.MethodInvoker.invoke(MethodInvoker.java:269)
	at org.springframework.scheduling.quartz.MethodInvokingJobDetailFactoryBean$MethodInvokingJob.executeInternal(MethodInvokingJobDetailFactoryBean.java:311)
	at org.springframework.scheduling.quartz.QuartzJobBean.execute(QuartzJobBean.java:113)
	at org.quartz.core.JobRunShell.run(JobRunShell.java:216)
	at org.quartz.simpl.SimpleThreadPool$WorkerThread.run(SimpleThreadPool.java:549)
>
